<?xml version="1.0" encoding="UTF-8"?>
<!-- Generated by org.testng.reporters.JUnitXMLReporter -->
<testsuite ignored="2" hostname="DESKTOP-CIK4HLH" failures="0" tests="1" name="Default test" time="22.127" errors="0" timestamp="2024-04-01T15:22:30 IST">
  <testcase classname="Tests.AdminPageTest" name="verifySearchSystemUsers" time="7.401"/>
  <testcase classname="Tests.AdminPageTest" name="addUserRole" time="0.0">
    <ignored/>
  </testcase> <!-- addUserRole -->
  <testcase classname="Tests.AdminPageTest" name="verifyAdminPageText" time="0.0">
    <ignored/>
  </testcase> <!-- verifyAdminPageText -->
</testsuite> <!-- Default test -->
