<?xml version="1.0" encoding="UTF-8"?>
<testng-results ignored="2" total="3" passed="1" failed="0" skipped="0">
  <reporter-output>
  </reporter-output>
  <suite started-at="2024-04-01T15:22:08 IST" name="Default suite" finished-at="2024-04-01T15:22:30 IST" duration-ms="22127">
    <groups>
    </groups>
    <test started-at="2024-04-01T15:22:08 IST" name="Default test" finished-at="2024-04-01T15:22:30 IST" duration-ms="22127">
      <class name="Tests.AdminPageTest">
        <test-method is-config="true" signature="setUp()[pri:0, instance:Tests.AdminPageTest@6b81ce95]" started-at="2024-04-01T15:22:08 IST" name="setUp" finished-at="2024-04-01T15:22:23 IST" duration-ms="14681" status="PASS">
          <reporter-output>
          </reporter-output>
        </test-method> <!-- setUp -->
        <test-method signature="verifySearchSystemUsers()[pri:0, instance:Tests.AdminPageTest@6b81ce95]" started-at="2024-04-01T15:22:23 IST" name="verifySearchSystemUsers" finished-at="2024-04-01T15:22:30 IST" duration-ms="7401" status="PASS">
          <reporter-output>
          </reporter-output>
        </test-method> <!-- verifySearchSystemUsers -->
      </class> <!-- Tests.AdminPageTest -->
    </test> <!-- Default test -->
  </suite> <!-- Default suite -->
</testng-results>
