<?xml version="1.0" encoding="UTF-8"?>
<testng-results ignored="0" total="1" passed="1" failed="0" skipped="0">
  <reporter-output>
  </reporter-output>
  <suite started-at="2024-03-22T16:00:04 IST" name="Default suite" finished-at="2024-03-22T16:00:19 IST" duration-ms="15092">
    <groups>
    </groups>
    <test started-at="2024-03-22T16:00:04 IST" name="Default test" finished-at="2024-03-22T16:00:19 IST" duration-ms="15092">
      <class name="Tests.DashboardTest">
        <test-method is-config="true" signature="setUp()[pri:0, instance:Tests.DashboardTest@5b239d7d]" started-at="2024-03-22T16:00:04 IST" name="setUp" finished-at="2024-03-22T16:00:17 IST" duration-ms="12852" status="PASS">
          <reporter-output>
          </reporter-output>
        </test-method> <!-- setUp -->
        <test-method signature="verifyClickOnDp()[pri:0, instance:Tests.DashboardTest@5b239d7d]" started-at="2024-03-22T16:00:17 IST" name="verifyClickOnDp" finished-at="2024-03-22T16:00:19 IST" duration-ms="2190" status="PASS">
          <reporter-output>
          </reporter-output>
        </test-method> <!-- verifyClickOnDp -->
      </class> <!-- Tests.DashboardTest -->
    </test> <!-- Default test -->
  </suite> <!-- Default suite -->
</testng-results>
